<?xml version="1.0" encoding="UTF-8"?>
<!-- Generated by org.testng.reporters.JUnitReportReporter -->
<testsuite skipped="0" hostname="DESKTOP-G2S5BGV" name="TestRunnerclasses.TestRunner" tests="1" failures="0" timestamp="28 Jan 2020 01:27:12 GMT" time="0.083" errors="0">
  <testcase name="feature" time="0.083" classname="TestRunnerclasses.TestRunner"/>
</testsuite> <!-- TestRunnerclasses.TestRunner -->
